This is pdfTeX, Version 3.14159265-2.6-1.40.20 (TeX Live 2019/Debian) (preloaded format=pdflatex 2021.2.24)  24 FEB 2021 05:37
entering extended mode
 restricted \write18 enabled.
 %&-line parsing enabled.
**refman
(./refman.tex
LaTeX2e <2020-02-02> patch level 2
L3 programming layer <2020-02-14>
(/usr/share/texlive/texmf-dist/tex/latex/base/article.cls
Document Class: article 2019/12/20 v1.4l Standard LaTeX document class
(/usr/share/texlive/texmf-dist/tex/latex/base/size10.clo
File: size10.clo 2019/12/20 v1.4l Standard LaTeX file (size option)
)
\c@part=\count167
\c@section=\count168
\c@subsection=\count169
\c@subsubsection=\count170
\c@paragraph=\count171
\c@subparagraph=\count172
\c@figure=\count173
\c@table=\count174
\abovecaptionskip=\skip47
\belowcaptionskip=\skip48
\bibindent=\dimen134
)
(/usr/share/texlive/texmf-dist/tex/latex/base/ifthen.sty
Package: ifthen 2014/09/29 v1.1c Standard LaTeX ifthen package (DPC)
)
(/usr/share/texlive/texmf-dist/tex/latex/tools/array.sty
Rollback for package 'array' requested -> date 2016-10-06.
         Best approximation is the release introduced on 2016-10-06.

(/usr/share/texlive/texmf-dist/tex/latex/tools/array-2016-10-06.sty
Package: array 2016/10/06 v2.4d Tabular extension package (FMi)
\col@sep=\dimen135
\extrarowheight=\dimen136
\NC@list=\toks14
\extratabsurround=\skip49
\backup@length=\skip50
))
(/usr/share/texlive/texmf-dist/tex/latex/base/fixltx2e.sty
Package: fixltx2e 2016/12/29 v2.1a fixes to LaTeX (obsolete)
Applying: [2015/01/01] Old fixltx2e package on input line 46.


Package fixltx2e Warning: fixltx2e is not required with releases after 2015
(fixltx2e)                All fixes are now in the LaTeX kernel.
(fixltx2e)                See the latexrelease package for details.

Already applied: [0000/00/00] Old fixltx2e package on input line 53.
) (/usr/share/texlive/texmf-dist/tex/latex/tools/calc.sty
Package: calc 2017/05/25 v4.3 Infix arithmetic (KKT,FJ)
\calc@Acount=\count175
\calc@Bcount=\count176
\calc@Adimen=\dimen137
\calc@Bdimen=\dimen138
\calc@Askip=\skip51
\calc@Bskip=\skip52
LaTeX Info: Redefining \setlength on input line 80.
LaTeX Info: Redefining \addtolength on input line 81.
\calc@Ccount=\count177
\calc@Cskip=\skip53
) (./doxygen.sty
Package: doxygen 

(/usr/share/texlive/texmf-dist/tex/latex/base/alltt.sty
Package: alltt 1997/06/16 v2.0g defines alltt environment
)
(/usr/share/texlive/texmf-dist/tex/latex/float/float.sty
Package: float 2001/11/08 v1.3d Float enhancements (AL)
\c@float@type=\count178
\float@exts=\toks15
\float@box=\box45
\@float@everytoks=\toks16
\@floatcapt=\box46
)
(/usr/share/texlive/texmf-dist/tex/latex/tools/verbatim.sty
Package: verbatim 2019/11/10 v1.5r LaTeX2e package for verbatim enhancements
\every@verbatim=\toks17
\verbatim@line=\toks18
\verbatim@in@stream=\read2
)
(/usr/share/texlive/texmf-dist/tex/latex/xcolor/xcolor.sty
Package: xcolor 2016/05/11 v2.12 LaTeX color extensions (UK)

(/usr/share/texlive/texmf-dist/tex/latex/graphics-cfg/color.cfg
File: color.cfg 2016/01/02 v1.6 sample color configuration
)
Package xcolor Info: Driver file: pdftex.def on input line 225.

(/usr/share/texlive/texmf-dist/tex/latex/graphics-def/pdftex.def
File: pdftex.def 2018/01/08 v1.0l Graphics/color driver for pdftex
)
(/usr/share/texlive/texmf-dist/tex/latex/colortbl/colortbl.sty
Package: colortbl 2020/01/04 v1.0e Color table columns (DPC)
\everycr=\toks19
\minrowclearance=\skip54
)
\rownum=\count179
Package xcolor Info: Model `cmy' substituted by `cmy0' on input line 1348.
Package xcolor Info: Model `hsb' substituted by `rgb' on input line 1352.
Package xcolor Info: Model `RGB' extended on input line 1364.
Package xcolor Info: Model `HTML' substituted by `rgb' on input line 1366.
Package xcolor Info: Model `Hsb' substituted by `hsb' on input line 1367.
Package xcolor Info: Model `tHsb' substituted by `hsb' on input line 1368.
Package xcolor Info: Model `HSB' substituted by `hsb' on input line 1369.
Package xcolor Info: Model `Gray' substituted by `gray' on input line 1370.
Package xcolor Info: Model `wave' substituted by `hsb' on input line 1371.
)
(./longtable_doxygen.sty
Package: longtable_doxygen 2014/10/28 v4.11 Multi-page Table package (DPC) - fr
ozen version for doxygen
\LTleft=\skip55
\LTright=\skip56
\LTpre=\skip57
\LTpost=\skip58
\LTchunksize=\count180
\LTcapwidth=\dimen139
\LT@head=\box47
\LT@firsthead=\box48
\LT@foot=\box49
\LT@lastfoot=\box50
\LT@cols=\count181
\LT@rows=\count182
\c@LT@tables=\count183
\c@LT@chunks=\count184
\LT@p@ftn=\toks20
) (./tabu_doxygen.sty
Package: tabu_doxygen 2011/02/26 v2.8 - flexible LaTeX tabulars (FC), frozen ve
rsion for doxygen

(/usr/share/texlive/texmf-dist/tex/latex/varwidth/varwidth.sty
Package: varwidth 2009/03/30 ver 0.92;  Variable-width minipages
\@vwid@box=\box51
\sift@deathcycles=\count185
\@vwid@loff=\dimen140
\@vwid@roff=\dimen141
)
\c@taburow=\count186
\tabu@nbcols=\count187
\tabu@cnt=\count188
\tabu@Xcol=\count189
\tabu@alloc=\count190
\tabu@nested=\count191
\tabu@target=\dimen142
\tabu@spreadtarget=\dimen143
\tabu@naturalX=\dimen144
\tabucolX=\dimen145
\tabu@Xsum=\dimen146
\extrarowdepth=\dimen147
\abovetabulinesep=\dimen148
\belowtabulinesep=\dimen149
\tabustrutrule=\dimen150
\tabu@thebody=\toks21
\tabu@footnotes=\toks22
\tabu@box=\box52
\tabu@arstrutbox=\box53
\tabu@hleads=\box54
\tabu@vleads=\box55
\tabu@cellskip=\skip59
)
(/usr/share/texlive/texmf-dist/tex/latex/fancyvrb/fancyvrb.sty
Package: fancyvrb 2020/01/13 v3.5 verbatim text (tvz,hv)

(/usr/share/texlive/texmf-dist/tex/latex/graphics/keyval.sty
Package: keyval 2014/10/28 v1.15 key=value parser (DPC)
\KV@toks@=\toks23
)
\FV@CodeLineNo=\count192
\FV@InFile=\read3
\FV@TabBox=\box56
\c@FancyVerbLine=\count193
\FV@StepNumber=\count194
\FV@OutFile=\write3
)
(/usr/share/texlive/texmf-dist/tex/latex/tools/tabularx.sty
Package: tabularx 2020/01/15 v2.11c `tabularx' package (DPC)
\TX@col@width=\dimen151
\TX@old@table=\dimen152
\TX@old@col=\dimen153
\TX@target=\dimen154
\TX@delta=\dimen155
\TX@cols=\count195
\TX@ftn=\toks24
)
(/usr/share/texlive/texmf-dist/tex/latex/multirow/multirow.sty
Package: multirow 2019/05/31 v2.5 Span multiple rows of a table
\multirow@colwidth=\skip60
\multirow@cntb=\count196
\multirow@dima=\skip61
\bigstrutjot=\dimen156
)
(/usr/share/texlive/texmf-dist/tex/latex/hanging/hanging.sty
Package: hanging 2009/09/02 v1.2b hanging paragraphs and punctuation
\h@ngcommawd=\skip62
\h@ngfstopwd=\skip63
\h@ngquotewd=\skip64
\h@ngdquotewd=\skip65
\h@ngquerywd=\skip66
\h@ngexclwd=\skip67
\h@ngcolonwd=\skip68
\h@ngscolonwd=\skip69
)
(/usr/share/texlive/texmf-dist/tex/generic/iftex/ifpdf.sty
Package: ifpdf 2019/10/25 v3.4 ifpdf legacy package. Use iftex instead.

(/usr/share/texlive/texmf-dist/tex/generic/iftex/iftex.sty
Package: iftex 2019/11/07 v1.0c TeX engine tests
))
(/usr/share/texlive/texmf-dist/tex/latex/adjustbox/adjustbox.sty
Package: adjustbox 2019/01/04 v1.2 Adjusting TeX boxes (trim, clip, ...)

(/usr/share/texlive/texmf-dist/tex/latex/xkeyval/xkeyval.sty
Package: xkeyval 2014/12/03 v2.7a package option processing (HA)

(/usr/share/texlive/texmf-dist/tex/generic/xkeyval/xkeyval.tex
(/usr/share/texlive/texmf-dist/tex/generic/xkeyval/xkvutils.tex
\XKV@toks=\toks25
\XKV@tempa@toks=\toks26
)
\XKV@depth=\count197
File: xkeyval.tex 2014/12/03 v2.7a key=value parser (HA)
))
(/usr/share/texlive/texmf-dist/tex/latex/adjustbox/adjcalc.sty
Package: adjcalc 2012/05/16 v1.1 Provides advanced setlength with multiple back
-ends (calc, etex, pgfmath)
)
(/usr/share/texlive/texmf-dist/tex/latex/adjustbox/trimclip.sty
Package: trimclip 2018/04/08 v1.1 Trim and clip general TeX material

(/usr/share/texlive/texmf-dist/tex/latex/graphics/graphicx.sty
Package: graphicx 2019/11/30 v1.2a Enhanced LaTeX Graphics (DPC,SPQR)

(/usr/share/texlive/texmf-dist/tex/latex/graphics/graphics.sty
Package: graphics 2019/11/30 v1.4a Standard LaTeX Graphics (DPC,SPQR)

(/usr/share/texlive/texmf-dist/tex/latex/graphics/trig.sty
Package: trig 2016/01/03 v1.10 sin cos tan (DPC)
)
(/usr/share/texlive/texmf-dist/tex/latex/graphics-cfg/graphics.cfg
File: graphics.cfg 2016/06/04 v1.11 sample graphics configuration
)
Package graphics Info: Driver file: pdftex.def on input line 105.
)
\Gin@req@height=\dimen157
\Gin@req@width=\dimen158
)
(/usr/share/texlive/texmf-dist/tex/latex/collectbox/collectbox.sty
Package: collectbox 2012/05/17 v0.4b Collect macro arguments as boxes
\collectedbox=\box57
)
\tc@llx=\dimen159
\tc@lly=\dimen160
\tc@urx=\dimen161
\tc@ury=\dimen162
Package trimclip Info: Using driver 'tc-pdftex.def'.

(/usr/share/texlive/texmf-dist/tex/latex/adjustbox/tc-pdftex.def
File: tc-pdftex.def 2019/01/04 v2.2 Clipping driver for pdftex
))
\adjbox@Width=\dimen163
\adjbox@Height=\dimen164
\adjbox@Depth=\dimen165
\adjbox@Totalheight=\dimen166
\adjbox@pwidth=\dimen167
\adjbox@pheight=\dimen168
\adjbox@pdepth=\dimen169
\adjbox@ptotalheight=\dimen170

(/usr/share/texlive/texmf-dist/tex/latex/ifoddpage/ifoddpage.sty
Package: ifoddpage 2016/04/23 v1.1 Conditionals for odd/even page detection
\c@checkoddpage=\count198
))
(/usr/share/texlive/texmf-dist/tex/latex/amsfonts/amssymb.sty
Package: amssymb 2013/01/14 v3.01 AMS font symbols

(/usr/share/texlive/texmf-dist/tex/latex/amsfonts/amsfonts.sty
Package: amsfonts 2013/01/14 v3.01 Basic AMSFonts support
\@emptytoks=\toks27
\symAMSa=\mathgroup4
\symAMSb=\mathgroup5
LaTeX Font Info:    Redeclaring math symbol \hbar on input line 98.
LaTeX Font Info:    Overwriting math alphabet `\mathfrak' in version `bold'
(Font)                  U/euf/m/n --> U/euf/b/n on input line 106.
))
(/usr/share/texlive/texmf-dist/tex/latex/stackengine/stackengine.sty
Package: stackengine 2017/02/13 v4.01\ Stacking text and objects in convenient 
ways

(/usr/share/texlive/texmf-dist/tex/latex/etoolbox/etoolbox.sty
Package: etoolbox 2019/09/21 v2.5h e-TeX tools for LaTeX (JAW)
\etb@tempcnta=\count199
)
(/usr/share/texlive/texmf-dist/tex/generic/listofitems/listofitems.sty
(/usr/share/texlive/texmf-dist/tex/generic/listofitems/listofitems.tex
\loi_cnt_foreach_nest=\count266
\loi_nestcnt=\count267
)
Package: listofitems 2019/08/21 v1.63 Grab items in lists using user-specified 
sep char (CT)
)
\c@@stackindex=\count268
\@boxshift=\skip70
\stack@tmplength=\skip71
\temp@stkl=\skip72
\@stackedboxwidth=\skip73
\@addedbox=\box58
\@anchorbox=\box59
\stackedbox=\box60
\@centerbox=\box61
\c@ROWcellindex@=\count269
)
(/usr/share/texlive/texmf-dist/tex/generic/ulem/ulem.sty
\UL@box=\box62
\UL@hyphenbox=\box63
\UL@skip=\skip74
\UL@hook=\toks28
\UL@height=\dimen171
\UL@pe=\count270
\UL@pixel=\dimen172
\ULC@box=\box64
Package: ulem 2019/11/18
\ULdepth=\dimen173
)
\xrefbox=\box65
\xreflength=\skip75
\CodeWidthChar=\skip76
\CodeHeightChar=\skip77
\DoxyCodeWidth=\skip78
)
(/usr/share/texlive/texmf-dist/tex/latex/base/inputenc.sty
Package: inputenc 2018/08/11 v1.3c Input encoding file
\inpenc@prehook=\toks29
\inpenc@posthook=\toks30
)
(/usr/share/texlive/texmf-dist/tex/latex/base/makeidx.sty
Package: makeidx 2014/09/29 v1.0m Standard LaTeX package
)
(/usr/share/texlive/texmf-dist/tex/latex/tools/multicol.sty
Package: multicol 2019/12/09 v1.8y multicolumn formatting (FMi)
\c@tracingmulticols=\count271
\mult@box=\box66
\multicol@leftmargin=\dimen174
\c@unbalance=\count272
\c@collectmore=\count273
\doublecol@number=\count274
\multicoltolerance=\count275
\multicolpretolerance=\count276
\full@width=\dimen175
\page@free=\dimen176
\premulticols=\dimen177
\postmulticols=\dimen178
\multicolsep=\skip79
\multicolbaselineskip=\skip80
\partial@page=\box67
\last@line=\box68
\maxbalancingoverflow=\dimen179
\mult@rightbox=\box69
\mult@grightbox=\box70
\mult@gfirstbox=\box71
\mult@firstbox=\box72
\@tempa=\box73
\@tempa=\box74
\@tempa=\box75
\@tempa=\box76
\@tempa=\box77
\@tempa=\box78
\@tempa=\box79
\@tempa=\box80
\@tempa=\box81
\@tempa=\box82
\@tempa=\box83
\@tempa=\box84
\@tempa=\box85
\@tempa=\box86
\@tempa=\box87
\@tempa=\box88
\@tempa=\box89
\@tempa=\box90
\@tempa=\box91
\@tempa=\box92
\@tempa=\box93
\@tempa=\box94
\@tempa=\box95
\@tempa=\box96
\@tempa=\box97
\@tempa=\box98
\@tempa=\box99
\@tempa=\box100
\@tempa=\box101
\@tempa=\box102
\@tempa=\box103
\@tempa=\box104
\@tempa=\box105
\@tempa=\box106
\@tempa=\box107
\@tempa=\box108
\@tempa=\box109
\c@minrows=\count277
\c@columnbadness=\count278
\c@finalcolumnbadness=\count279
\last@try=\dimen180
\multicolovershoot=\dimen181
\multicolundershoot=\dimen182
\mult@nat@firstbox=\box110
\colbreak@box=\box111
\mc@col@check@num=\count280
)
(/usr/share/texlive/texmf-dist/tex/latex/base/textcomp.sty
Package: textcomp 2020/02/02 v2.0n Standard LaTeX package
)
(/usr/share/texlive/texmf-dist/tex/latex/wasysym/wasysym.sty
Package: wasysym 2020/01/19 v2.4 Wasy-2 symbol support package
\symwasy=\mathgroup6
LaTeX Font Info:    Overwriting symbol font `wasy' in version `bold'
(Font)                  U/wasy/m/n --> U/wasy/b/n on input line 93.
)
(/usr/share/texlive/texmf-dist/tex/generic/iftex/ifxetex.sty
Package: ifxetex 2019/10/25 v0.7 ifxetex legacy package. Use iftex instead.
)
(/usr/share/texlive/texmf-dist/tex/generic/babel/babel.sty
Package: babel 2020/02/14 3.40 The Babel package

(/usr/share/texlive/texmf-dist/tex/generic/babel/switch.def
File: switch.def 2020/02/14 3.40 Babel switching mechanism
)

! Package babel Error: Unknown option `spanish'. Either you misspelled it
(babel)                or the language definition file spanish.ldf was not foun
d.

See the babel package documentation for explanation.
Type  H <return>  for immediate help.
 ...                                              
                                                  
l.542 \ProcessOptions*
                      
? 
Package babel Info: You haven't specified a language. I'll use 'nil'
(babel)             as the main language. Reported on input line 572.
(/usr/share/texlive/texmf-dist/tex/generic/babel/nil.ldf
Language: nil 2020/02/14 3.40 Nil language

(/usr/share/texlive/texmf-dist/tex/generic/babel/babel.def
File: babel.def 2020/02/14 3.40 Babel common definitions
\babel@savecnt=\count281
\U@D=\dimen183

(/usr/share/texlive/texmf-dist/tex/generic/babel/txtbabel.def)
\bbl@readstream=\read4
\bbl@dirlevel=\count282
)
\l@nil=\language3
))
(/usr/share/texlive/texmf-dist/tex/latex/base/fontenc.sty
Package: fontenc 2020/02/11 v2.0o Standard LaTeX package
)
(/usr/share/texlive/texmf-dist/tex/latex/psnfss/helvet.sty
Package: helvet 2005/04/12 PSNFSS-v9.2a (WaS) 
)
(/usr/share/texlive/texmf-dist/tex/latex/psnfss/courier.sty
Package: courier 2005/04/12 PSNFSS-v9.2a (WaS) 
)
(/usr/share/texlive/texmf-dist/tex/latex/sectsty/sectsty.sty
Package: sectsty 2002/02/25 v2.0.2 Commands to change all sectional heading sty
les


LaTeX Warning: Command \underbar  has changed.
               Check if current package is valid.


LaTeX Warning: Command \underline  has changed.
               Check if current package is valid.

) (/usr/share/texlive/texmf-dist/tex/latex/geometry/geometry.sty
Package: geometry 2020/01/02 v5.9 Page Geometry

(/usr/share/texlive/texmf-dist/tex/generic/iftex/ifvtex.sty
Package: ifvtex 2019/10/25 v1.7 ifvtex legacy package. Use iftex instead.
)
\Gm@cnth=\count283
\Gm@cntv=\count284
\c@Gm@tempcnt=\count285
\Gm@bindingoffset=\dimen184
\Gm@wd@mp=\dimen185
\Gm@odd@mp=\dimen186
\Gm@even@mp=\dimen187
\Gm@layoutwidth=\dimen188
\Gm@layoutheight=\dimen189
\Gm@layouthoffset=\dimen190
\Gm@layoutvoffset=\dimen191
\Gm@dimlist=\toks31
)
(/usr/share/texlive/texmf-dist/tex/latex/fancyhdr/fancyhdr.sty
Package: fancyhdr 2019/01/31 v3.10 Extensive control of page headers and footer
s
\f@nch@headwidth=\skip81
\f@nch@O@elh=\skip82
\f@nch@O@erh=\skip83
\f@nch@O@olh=\skip84
\f@nch@O@orh=\skip85
\f@nch@O@elf=\skip86
\f@nch@O@erf=\skip87
\f@nch@O@olf=\skip88
\f@nch@O@orf=\skip89
)
(/usr/share/texlive/texmf-dist/tex/latex/natbib/natbib.sty
Package: natbib 2010/09/13 8.31b (PWD, AO)
\bibhang=\skip90
\bibsep=\skip91
LaTeX Info: Redefining \cite on input line 694.
\c@NAT@ctr=\count286
)
(/usr/share/texlive/texmf-dist/tex/latex/tocloft/tocloft.sty
Package: tocloft 2017/08/31 v2.3i parameterised ToC, etc., typesetting
Package tocloft Info: The document has section divisions on input line 51.
\cftparskip=\skip92
\cftbeforetoctitleskip=\skip93
\cftaftertoctitleskip=\skip94
\cftbeforepartskip=\skip95
\cftpartnumwidth=\skip96
\cftpartindent=\skip97
\cftbeforesecskip=\skip98
\cftsecindent=\skip99
\cftsecnumwidth=\skip100
\cftbeforesubsecskip=\skip101
\cftsubsecindent=\skip102
\cftsubsecnumwidth=\skip103
\cftbeforesubsubsecskip=\skip104
\cftsubsubsecindent=\skip105
\cftsubsubsecnumwidth=\skip106
\cftbeforeparaskip=\skip107
\cftparaindent=\skip108
\cftparanumwidth=\skip109
\cftbeforesubparaskip=\skip110
\cftsubparaindent=\skip111
\cftsubparanumwidth=\skip112
\cftbeforeloftitleskip=\skip113
\cftafterloftitleskip=\skip114
\cftbeforefigskip=\skip115
\cftfigindent=\skip116
\cftfignumwidth=\skip117
\c@lofdepth=\count287
\c@lotdepth=\count288
\cftbeforelottitleskip=\skip118
\cftafterlottitleskip=\skip119
\cftbeforetabskip=\skip120
\cfttabindent=\skip121
\cfttabnumwidth=\skip122
)
\@indexfile=\write4
\openout4 = `refman.idx'.


Writing index file refman.idx
(/usr/share/texlive/texmf-dist/tex/latex/newunicodechar/newunicodechar.sty
Package: newunicodechar 2018/04/08 v1.2 Defining Unicode characters
)

Package newunicodechar Warning: Redefining Unicode character on input line 115.



Package newunicodechar Warning: Redefining Unicode character on input line 116.


(/usr/share/texlive/texmf-dist/tex/latex/hyperref/hyperref.sty
Package: hyperref 2020/01/14 v7.00d Hypertext links for LaTeX

(/usr/share/texlive/texmf-dist/tex/generic/ltxcmds/ltxcmds.sty
Package: ltxcmds 2019/12/15 v1.24 LaTeX kernel commands for general use (HO)
)
(/usr/share/texlive/texmf-dist/tex/latex/pdftexcmds/pdftexcmds.sty
Package: pdftexcmds 2019/11/24 v0.31 Utility functions of pdfTeX for LuaTeX (HO
)

(/usr/share/texlive/texmf-dist/tex/generic/infwarerr/infwarerr.sty
Package: infwarerr 2019/12/03 v1.5 Providing info/warning/error messages (HO)
)
Package pdftexcmds Info: \pdf@primitive is available.
Package pdftexcmds Info: \pdf@ifprimitive is available.
Package pdftexcmds Info: \pdfdraftmode found.
)
(/usr/share/texlive/texmf-dist/tex/generic/kvsetkeys/kvsetkeys.sty
Package: kvsetkeys 2019/12/15 v1.18 Key value parser (HO)
)
(/usr/share/texlive/texmf-dist/tex/generic/kvdefinekeys/kvdefinekeys.sty
Package: kvdefinekeys 2019-12-19 v1.6 Define keys (HO)
)
(/usr/share/texlive/texmf-dist/tex/generic/pdfescape/pdfescape.sty
Package: pdfescape 2019/12/09 v1.15 Implements pdfTeX's escape features (HO)
)
(/usr/share/texlive/texmf-dist/tex/latex/hycolor/hycolor.sty
Package: hycolor 2020-01-27 v1.10 Color options for hyperref/bookmark (HO)
)
(/usr/share/texlive/texmf-dist/tex/latex/letltxmacro/letltxmacro.sty
Package: letltxmacro 2019/12/03 v1.6 Let assignment for LaTeX macros (HO)
)
(/usr/share/texlive/texmf-dist/tex/latex/auxhook/auxhook.sty
Package: auxhook 2019-12-17 v1.6 Hooks for auxiliary files (HO)
)
(/usr/share/texlive/texmf-dist/tex/latex/kvoptions/kvoptions.sty
Package: kvoptions 2019/11/29 v3.13 Key value format for package options (HO)
)
\@linkdim=\dimen192
\Hy@linkcounter=\count289
\Hy@pagecounter=\count290

(/usr/share/texlive/texmf-dist/tex/latex/hyperref/pd1enc.def
File: pd1enc.def 2020/01/14 v7.00d Hyperref: PDFDocEncoding definition (HO)
Now handling font encoding PD1 ...
... no UTF-8 mapping file for font encoding PD1
)
(/usr/share/texlive/texmf-dist/tex/generic/intcalc/intcalc.sty
Package: intcalc 2019/12/15 v1.3 Expandable calculations with integers (HO)
)
(/usr/share/texlive/texmf-dist/tex/generic/etexcmds/etexcmds.sty
Package: etexcmds 2019/12/15 v1.7 Avoid name clashes with e-TeX commands (HO)
)
\Hy@SavedSpaceFactor=\count291
\pdfmajorversion=\count292
Package hyperref Info: Hyper figures OFF on input line 4547.
Package hyperref Info: Link nesting OFF on input line 4552.
Package hyperref Info: Hyper index ON on input line 4555.
Package hyperref Info: Plain pages OFF on input line 4562.
Package hyperref Info: Backreferencing ON on input line 4565.
Package hyperref Info: Implicit mode ON; LaTeX internals redefined.
Package hyperref Info: Bookmarks ON on input line 4800.

(/usr/share/texlive/texmf-dist/tex/latex/hyperref/backref.sty
Package: backref 2020/01/14 v1.40 Bibliographical back referencing

(/usr/share/texlive/texmf-dist/tex/latex/rerunfilecheck/rerunfilecheck.sty
Package: rerunfilecheck 2019/12/05 v1.9 Rerun checks for auxiliary files (HO)

(/usr/share/texlive/texmf-dist/tex/latex/atveryend/atveryend.sty
Package: atveryend 2019-12-11 v1.11 Hooks at the very end of document (HO)
)
(/usr/share/texlive/texmf-dist/tex/generic/uniquecounter/uniquecounter.sty
Package: uniquecounter 2019/12/15 v1.4 Provide unlimited unique counter (HO)

(/usr/share/texlive/texmf-dist/tex/generic/bigintcalc/bigintcalc.sty
Package: bigintcalc 2019/12/15 v1.5 Expandable calculations on big integers (HO
)
))
Package uniquecounter Info: New unique counter `rerunfilecheck' on input line 2
86.
))
\c@Hy@tempcnt=\count293

(/usr/share/texlive/texmf-dist/tex/latex/url/url.sty
\Urlmuskip=\muskip16
Package: url 2013/09/16  ver 3.4  Verb mode for urls, etc.
)
LaTeX Info: Redefining \url on input line 5159.
\XeTeXLinkMargin=\dimen193

(/usr/share/texlive/texmf-dist/tex/generic/bitset/bitset.sty
Package: bitset 2019/12/09 v1.3 Handle bit-vector datatype (HO)
)
\Fld@menulength=\count294
\Field@Width=\dimen194
\Fld@charsize=\dimen195
Package hyperref Info: Hyper figures OFF on input line 6430.
Package hyperref Info: Link nesting OFF on input line 6435.
Package hyperref Info: Hyper index ON on input line 6438.
Package hyperref Info: backreferencing ON on input line 6443.
Package hyperref Info: Link coloring OFF on input line 6450.
Package hyperref Info: Link coloring with OCG OFF on input line 6455.
Package hyperref Info: PDF/A mode OFF on input line 6460.
LaTeX Info: Redefining \ref on input line 6500.
LaTeX Info: Redefining \pageref on input line 6504.

(/usr/share/texlive/texmf-dist/tex/generic/atbegshi/atbegshi.sty
Package: atbegshi 2019/12/05 v1.19 At begin shipout hook (HO)
)
\Hy@abspage=\count295
\c@Item=\count296
\c@Hfootnote=\count297
)
Package hyperref Info: Driver: hpdftex.

(/usr/share/texlive/texmf-dist/tex/latex/hyperref/hpdftex.def
File: hpdftex.def 2020/01/14 v7.00d Hyperref driver for pdfTeX
\Fld@listcount=\count298
\c@bookmark@seq@number=\count299
\Hy@SectionHShift=\skip123
)
Package hyperref Info: Option `colorlinks' set `true' on input line 134.
Package hyperref Info: Option `unicode' set `true' on input line 134.

(/usr/share/texlive/texmf-dist/tex/latex/hyperref/puenc.def
File: puenc.def 2020/01/14 v7.00d Hyperref: PDF Unicode definition (HO)
Now handling font encoding PU ...
... no UTF-8 mapping file for font encoding PU
)
(/usr/share/texlive/texmf-dist/tex/latex/caption/caption.sty
Package: caption 2020/01/03 v3.4h Customizing captions (AR)

(/usr/share/texlive/texmf-dist/tex/latex/caption/caption3.sty
Package: caption3 2020/01/03 v1.8h caption3 kernel (AR)
Package caption3 Info: TeX engine: e-TeX on input line 61.
\captionmargin=\dimen196
\captionmargin@=\dimen197
\captionwidth=\dimen198
\caption@tempdima=\dimen199
\caption@indent=\dimen256
\caption@parindent=\dimen257
\caption@hangindent=\dimen258
Package caption Info: Standard document class detected.
)
\c@caption@flags=\count300
\c@continuedfloat=\count301
Package caption Info: float package is loaded.
Package caption Info: hyperref package is loaded.
Package caption Info: longtable package is loaded.

(/usr/share/texlive/texmf-dist/tex/latex/caption/ltcaption.sty
Package: ltcaption 2018/08/26 v1.4a longtable captions (AR)
))
(/usr/share/texlive/texmf-dist/tex/latex/etoc/etoc.sty
Package: etoc 2019/11/17 v1.09b Completely customisable TOCs (JFB)
\Etoc@toctoks=\toks32
\c@etoc@tocid=\count302
\c@etoc@tocdepth=\count303
\etoc@framed@titlebox=\box112
\etoc@framed@contentsbox=\box113
)
(/usr/share/texlive/texmf-dist/tex/latex/l3backend/l3backend-pdfmode.def
File: l3backend-pdfmode.def 2020-02-03 L3 backend support: PDF mode
\l__kernel_color_stack_int=\count304
\l__pdf_internal_box=\box114
)
No file refman.aux.
\openout1 = `refman.aux'.

LaTeX Font Info:    Checking defaults for OML/cmm/m/it on input line 149.
LaTeX Font Info:    ... okay on input line 149.
LaTeX Font Info:    Checking defaults for OMS/cmsy/m/n on input line 149.
LaTeX Font Info:    ... okay on input line 149.
LaTeX Font Info:    Checking defaults for OT1/cmr/m/n on input line 149.
LaTeX Font Info:    ... okay on input line 149.
LaTeX Font Info:    Checking defaults for T1/cmr/m/n on input line 149.
LaTeX Font Info:    ... okay on input line 149.
LaTeX Font Info:    Checking defaults for TS1/cmr/m/n on input line 149.
LaTeX Font Info:    ... okay on input line 149.
LaTeX Font Info:    Checking defaults for OMX/cmex/m/n on input line 149.
LaTeX Font Info:    ... okay on input line 149.
LaTeX Font Info:    Checking defaults for U/cmr/m/n on input line 149.
LaTeX Font Info:    ... okay on input line 149.
LaTeX Font Info:    Checking defaults for PD1/pdf/m/n on input line 149.
LaTeX Font Info:    ... okay on input line 149.
LaTeX Font Info:    Checking defaults for PU/pdf/m/n on input line 149.
LaTeX Font Info:    ... okay on input line 149.
LaTeX Font Info:    Trying to load font information for T1+phv on input line 14
9.
(/usr/share/texlive/texmf-dist/tex/latex/psnfss/t1phv.fd
File: t1phv.fd 2001/06/04 scalable font definitions for T1/phv.
)
LaTeX Font Info:    Font shape `T1/phv/m/n' will be
(Font)              scaled to size 8.99994pt on input line 149.

(/usr/share/texlive/texmf-dist/tex/context/base/mkii/supp-pdf.mkii
[Loading MPS to PDF converter (version 2006.09.02).]
\scratchcounter=\count305
\scratchdimen=\dimen259
\scratchbox=\box115
\nofMPsegments=\count306
\nofMParguments=\count307
\everyMPshowfont=\toks33
\MPscratchCnt=\count308
\MPscratchDim=\dimen260
\MPnumerator=\count309
\makeMPintoPDFobject=\count310
\everyMPtoPDFconversion=\toks34
) (/usr/share/texlive/texmf-dist/tex/latex/epstopdf-pkg/epstopdf-base.sty
Package: epstopdf-base 2020-01-24 v2.11 Base part for package epstopdf
Package epstopdf-base Info: Redefining graphics rule for `.eps' on input line 4
85.

(/usr/share/texlive/texmf-dist/tex/latex/latexconfig/epstopdf-sys.cfg
File: epstopdf-sys.cfg 2010/07/13 v1.3 Configuration of (r)epstopdf for TeX Liv
e
))
*geometry* driver: auto-detecting
*geometry* detected driver: pdftex
*geometry* verbose mode - [ preamble ] result:
* driver: pdftex
* paper: a4paper
* layout: <same size as paper>
* layoutoffset:(h,v)=(0.0pt,0.0pt)
* modes: twoside 
* h-part:(L,W,R)=(71.13188pt, 455.24411pt, 71.13188pt)
* v-part:(T,H,B)=(71.13188pt, 702.78308pt, 71.13188pt)
* \paperwidth=597.50787pt
* \paperheight=845.04684pt
* \textwidth=455.24411pt
* \textheight=702.78308pt
* \oddsidemargin=-1.1381pt
* \evensidemargin=-1.1381pt
* \topmargin=-38.1381pt
* \headheight=12.0pt
* \headsep=25.0pt
* \topskip=10.0pt
* \footskip=30.0pt
* \marginparwidth=121.0pt
* \marginparsep=11.0pt
* \columnsep=10.0pt
* \skip\footins=9.0pt plus 4.0pt minus 2.0pt
* \hoffset=0.0pt
* \voffset=0.0pt
* \mag=1000
* \@twocolumnfalse
* \@twosidetrue
* \@mparswitchtrue
* \@reversemarginfalse
* (1in=72.27pt=25.4mm, 1cm=28.453pt)

Package backref Info: ** backref set up for natbib ** on input line 149.
\AtBeginShipoutBox=\box116
Package hyperref Info: Link coloring ON on input line 149.
(/usr/share/texlive/texmf-dist/tex/latex/hyperref/nameref.sty
Package: nameref 2019/09/16 v2.46 Cross-referencing by name of section

(/usr/share/texlive/texmf-dist/tex/latex/refcount/refcount.sty
Package: refcount 2019/12/15 v3.6 Data extraction from label references (HO)
)
(/usr/share/texlive/texmf-dist/tex/generic/gettitlestring/gettitlestring.sty
Package: gettitlestring 2019/12/15 v1.6 Cleanup title references (HO)
)
\c@section@level=\count311
)
LaTeX Info: Redefining \ref on input line 149.
LaTeX Info: Redefining \pageref on input line 149.
LaTeX Info: Redefining \nameref on input line 149.
\@outlinefile=\write5
\openout5 = `refman.out'.

Package caption Info: Begin \AtBeginDocument code.
Package caption Info: End \AtBeginDocument code.

No file refman.toc.
Package hyperref Info: Option `pageanchor' set `false' on input line 155.
Package hyperref Info: Option `bookmarksnumbered' set `true' on input line 155.

Package hyperref Info: Option `unicode' set `true' on input line 155.
LaTeX Font Info:    Font shape `T1/phv/m/n' will be
(Font)              scaled to size 12.9599pt on input line 160.
LaTeX Font Info:    Font shape `T1/phv/m/n' will be
(Font)              scaled to size 10.79993pt on input line 160.
LaTeX Font Info:    Font shape `T1/phv/m/n' will be
(Font)              scaled to size 6.29996pt on input line 160.
LaTeX Font Info:    Trying to load font information for U+msa on input line 160
.
(/usr/share/texlive/texmf-dist/tex/latex/amsfonts/umsa.fd
File: umsa.fd 2013/01/14 v3.01 AMS symbols A
)
LaTeX Font Info:    Trying to load font information for U+msb on input line 160
.

(/usr/share/texlive/texmf-dist/tex/latex/amsfonts/umsb.fd
File: umsb.fd 2013/01/14 v3.01 AMS symbols B
)
LaTeX Font Info:    Trying to load font information for U+wasy on input line 16
0.

(/usr/share/texlive/texmf-dist/tex/latex/wasysym/uwasy.fd
File: uwasy.fd 2020/01/19 v2.4 Wasy-2 symbol font definitions
) [1

{/var/lib/texmf/fonts/map/pdftex/updmap/pdftex.map}]
\tf@toc=\write6
\openout6 = `refman.toc'.

Package hyperref Info: Option `pageanchor' set `true' on input line 168.
LaTeX Font Info:    Font shape `T1/phv/b/n' will be
(Font)              scaled to size 12.9599pt on input line 171.
 (./namespaces.tex
LaTeX Font Info:    Font shape `T1/phv/b/n' will be
(Font)              scaled to size 10.79993pt on input line 1.
LaTeX Font Info:    Trying to load font information for TS1+phv on input line 1
.

(/usr/share/texlive/texmf-dist/tex/latex/psnfss/ts1phv.fd
File: ts1phv.fd 2001/06/04 scalable font definitions for TS1/phv.
)
LaTeX Font Info:    Font shape `TS1/phv/b/n' will be
(Font)              scaled to size 10.79993pt on input line 1.
LaTeX Font Info:    Font shape `TS1/phv/m/n' will be
(Font)              scaled to size 8.99994pt on input line 2.
LaTeX Font Info:    Font shape `T1/phv/b/n' will be
(Font)              scaled to size 8.99994pt on input line 3.
LaTeX Font Info:    Font shape `T1/phv/b/n' will be
(Font)              scaled to size 6.29996pt on input line 3.


LaTeX Warning: Reference `namespace_moon_1_1_alias' on page 1 undefined on inpu
t line 3.


LaTeX Warning: Reference `namespace_moon_1_1_core' on page 1 undefined on input
 line 4.

) (./hierarchy.tex

LaTeX Warning: Reference `struct_moon_1_1_core_1_1_component_base__t' on page 1
 undefined on input line 3.


LaTeX Warning: Reference `struct_moon_1_1_core_1_1_component__t' on page 1 unde
fined on input line 5.


LaTeX Warning: Reference `struct_moon_1_1_core_1_1_component_base_vect__t' on p
age 1 undefined on input line 7.


LaTeX Warning: Reference `struct_moon_1_1_core_1_1_component_vect__t' on page 1
 undefined on input line 9.


LaTeX Warning: Reference `struct_moon_1_1_core_1_1_component_storage__t' on pag
e 1 undefined on input line 11.


LaTeX Warning: Reference `struct_moon_1_1_core_1_1_entity_base__t' on page 1 un
defined on input line 12.


LaTeX Warning: Reference `struct_moon_1_1_core_1_1_entity__t' on page 1 undefin
ed on input line 14.


LaTeX Warning: Reference `struct_moon_1_1_core_1_1_game_context_base__t' on pag
e 1 undefined on input line 16.


LaTeX Warning: Reference `struct_moon_1_1_core_1_1_game_context__t' on page 1 u
ndefined on input line 18.


LaTeX Warning: Reference `struct_moon_1_1_core_1_1_system_base__t' on page 1 un
defined on input line 20.


LaTeX Warning: Reference `struct_moon_1_1_core_1_1_system__t' on page 1 undefin
ed on input line 22.

) (./annotated.tex

LaTeX Warning: Reference `struct_moon_1_1_core_1_1_component__t' on page 1 unde
fined on input line 3.


LaTeX Warning: Reference `struct_moon_1_1_core_1_1_component_base__t' on page 1
 undefined on input line 4.


LaTeX Warning: Reference `struct_moon_1_1_core_1_1_component_base_vect__t' on p
age 1 undefined on input line 5.


LaTeX Warning: Reference `struct_moon_1_1_core_1_1_component_storage__t' on pag
e 1 undefined on input line 6.


LaTeX Warning: Reference `struct_moon_1_1_core_1_1_component_vect__t' on page 1
 undefined on input line 7.

[1]

LaTeX Warning: Reference `struct_moon_1_1_core_1_1_entity__t' on page 2 undefin
ed on input line 8.


LaTeX Warning: Reference `struct_moon_1_1_core_1_1_entity_base__t' on page 2 un
defined on input line 9.


LaTeX Warning: Reference `struct_moon_1_1_core_1_1_game_context__t' on page 2 u
ndefined on input line 10.


Underfull \hbox (badness 986) in paragraph at lines 10--10
 \T1/phv/b/n/10 Clase Game[]Context !!! Es laencargada de alamacenar Los datos 
de las E[]Ntity y los 
 []


LaTeX Warning: Reference `struct_moon_1_1_core_1_1_game_context_base__t' on pag
e 2 undefined on input line 11.


LaTeX Warning: Reference `struct_moon_1_1_core_1_1_system__t' on page 2 undefin
ed on input line 12.


LaTeX Warning: Reference `struct_moon_1_1_core_1_1_system_base__t' on page 2 un
defined on input line 13.

) (./namespace_moon_1_1_alias.tex
LaTeX Font Info:    Font shape `T1/phv/m/n' will be
(Font)              scaled to size 8.09995pt on input line 12.
LaTeX Font Info:    Font shape `T1/phv/m/it' in size <9> not available
(Font)              Font shape `T1/phv/m/sl' tried instead on input line 12.
LaTeX Font Info:    Font shape `T1/phv/m/sl' will be
(Font)              scaled to size 8.09995pt on input line 12.
LaTeX Font Info:    Font shape `TS1/phv/b/n' will be
(Font)              scaled to size 8.99994pt on input line 51.
 [2]
LaTeX Font Info:    Font shape `T1/phv/m/n' will be
(Font)              scaled to size 7.19995pt on input line 56.
LaTeX Font Info:    Trying to load font information for T1+pcr on input line 56
.

(/usr/share/texlive/texmf-dist/tex/latex/psnfss/t1pcr.fd
File: t1pcr.fd 2001/06/04 font definitions for T1/pcr.
))
(./namespace_moon_1_1_core.tex
LaTeX Font Info:    Font shape `T1/phv/m/it' in size <7> not available
(Font)              Font shape `T1/phv/m/sl' tried instead on input line 26.
LaTeX Font Info:    Font shape `T1/phv/m/sl' will be
(Font)              scaled to size 6.29996pt on input line 26.
 [3])
(./struct_moon_1_1_core_1_1_component__t.tex

Package hyperref Warning: Token not allowed in a PDF string (Unicode):
(hyperref)                removing `math shift' on input line 1.


Package hyperref Warning: Token not allowed in a PDF string (Unicode):
(hyperref)                removing `math shift' on input line 1.


Package hyperref Warning: Token not allowed in a PDF string (Unicode):
(hyperref)                removing `math shift' on input line 1.


Package hyperref Warning: Token not allowed in a PDF string (Unicode):
(hyperref)                removing `math shift' on input line 1.

Package epstopdf Info: Source file: <struct_moon_1_1_core_1_1_component__t.eps>

(epstopdf)                    date: 2021-02-24 05:37:06
(epstopdf)                    size: 3858 bytes
(epstopdf)             Output file: <struct_moon_1_1_core_1_1_component__t-eps-
converted-to.pdf>
(epstopdf)             Command: <repstopdf --outfile=struct_moon_1_1_core_1_1_c
omponent__t-eps-converted-to.pdf struct_moon_1_1_core_1_1_component__t.eps>
(epstopdf)             \includegraphics on input line 15.
runsystem(repstopdf --outfile=struct_moon_1_1_core_1_1_component__t-eps-convert
ed-to.pdf struct_moon_1_1_core_1_1_component__t.eps)...executed safely (allowed
).

Package epstopdf Info: Result file: <struct_moon_1_1_core_1_1_component__t-eps-
converted-to.pdf>.

! Package pdftex.def Error: File `struct_moon_1_1_core_1_1_component__t-eps-con
verted-to.pdf' not found: using draft setting.

See the pdftex.def package documentation for explanation.
Type  H <return>  for immediate help.
 ...                                              
                                                  
l.15 ...cm]{struct_moon_1_1_core_1_1_component__t}
                                                  
? 
LaTeX Font Info:    Font shape `T1/phv/bc/n' will be
(Font)              scaled to size 8.99994pt on input line 42.
LaTeX Font Info:    Font shape `T1/phv/bc/n' will be
(Font)              scaled to size 6.29996pt on input line 42.
[4]

Package longtable Warning: Column widths have changed
(longtable)                in table 1 on input line 50.

LaTeX Font Info:    Font shape `T1/phv/b/n' will be
(Font)              scaled to size 7.19995pt on input line 62.
LaTeX Font Info:    Font shape `T1/pcr/m/it' in size <8> not available
(Font)              Font shape `T1/pcr/m/sl' tried instead on input line 74.

Package longtable Warning: Column widths have changed
(longtable)                in table 2 on input line 84.


Overfull \hbox (17.7145pt too wide) in paragraph at lines 103--105
\T1/pcr/m/n/8 static Moon[]::[]Alias[]::[]Component[]Type []$\OML/cmm/m/it/8 <$
 \T1/pcr/m/n/8 Type $\OML/cmm/m/it/8 >$[]\T1/pcr/m/n/8 ::get[]Component[]Type (
 ) [static],
 []


Underfull \hbox (badness 10000) detected at line 110
[][][]
 []

[5]) (./struct_moon_1_1_core_1_1_component_base__t.tex
Package epstopdf Info: Source file: <struct_moon_1_1_core_1_1_component_base__t
.eps>
(epstopdf)                    date: 2021-02-24 05:37:06
(epstopdf)                    size: 3858 bytes
(epstopdf)             Output file: <struct_moon_1_1_core_1_1_component_base__t
-eps-converted-to.pdf>
(epstopdf)             Command: <repstopdf --outfile=struct_moon_1_1_core_1_1_c
omponent_base__t-eps-converted-to.pdf struct_moon_1_1_core_1_1_component_base__
t.eps>
(epstopdf)             \includegraphics on input line 15.
runsystem(repstopdf --outfile=struct_moon_1_1_core_1_1_component_base__t-eps-co
nverted-to.pdf struct_moon_1_1_core_1_1_component_base__t.eps)...executed safel
y (allowed).

Package epstopdf Info: Result file: <struct_moon_1_1_core_1_1_component_base__t
-eps-converted-to.pdf>.


! Package pdftex.def Error: File `struct_moon_1_1_core_1_1_component_base__t-ep
s-converted-to.pdf' not found: using draft setting.

See the pdftex.def package documentation for explanation.
Type  H <return>  for immediate help.
 ...                                              
                                                  
l.15 ...truct_moon_1_1_core_1_1_component_base__t}
                                                  
? 

Underfull \hbox (badness 10000) in paragraph at lines 56--57
 \T1/phv/b/n/10 5.2.2.2 $\OMS/cmsy/m/n/10 ^^X$\T1/phv/b/n/10 ComponentBase_t()[
] \T1/pcr/m/n/8 virtual Moon[]::[]Core[]::[]Component[]Base[]_[]t[]::$\OMS/cmsy
/m/n/8 ^^X$[]\T1/pcr/m/n/8 Component[]Base[]_[]t ( ) [pure
 []

[6]) (./struct_moon_1_1_core_1_1_component_base_vect__t.tex
Package epstopdf Info: Source file: <struct_moon_1_1_core_1_1_component_base_ve
ct__t.eps>
(epstopdf)                    date: 2021-02-24 05:37:06
(epstopdf)                    size: 3876 bytes
(epstopdf)             Output file: <struct_moon_1_1_core_1_1_component_base_ve
ct__t-eps-converted-to.pdf>
(epstopdf)             Command: <repstopdf --outfile=struct_moon_1_1_core_1_1_c
omponent_base_vect__t-eps-converted-to.pdf struct_moon_1_1_core_1_1_component_b
ase_vect__t.eps>
(epstopdf)             \includegraphics on input line 15.
runsystem(repstopdf --outfile=struct_moon_1_1_core_1_1_component_base_vect__t-e
ps-converted-to.pdf struct_moon_1_1_core_1_1_component_base_vect__t.eps)...exec
uted safely (allowed).

Package epstopdf Info: Result file: <struct_moon_1_1_core_1_1_component_base_ve
ct__t-eps-converted-to.pdf>.


! Package pdftex.def Error: File `struct_moon_1_1_core_1_1_component_base_vect_
_t-eps-converted-to.pdf' not found: using draft setting.

See the pdftex.def package documentation for explanation.
Type  H <return>  for immediate help.
 ...                                              
                                                  
l.15 ..._moon_1_1_core_1_1_component_base_vect__t}
                                                  
? 

Underfull \hbox (badness 10000) in paragraph at lines 39--40
 \T1/phv/b/n/10 5.3.2.1 $\OMS/cmsy/m/n/10 ^^X$\T1/phv/b/n/10 ComponentBaseVect_
t()[] \T1/pcr/m/n/8 virtual Moon[]::[]Core[]::[]Component[]Base[]Vect[]_[]t[]::
$\OMS/cmsy/m/n/8 ^^X$[]\T1/pcr/m/n/8 Component[]Base[]Vect[]_[]t
 []

[7]) (./struct_moon_1_1_core_1_1_component_storage__t.tex [8]

Package longtable Warning: Column widths have changed
(longtable)                in table 3 on input line 70.


Package longtable Warning: Column widths have changed
(longtable)                in table 4 on input line 75.


Underfull \hbox (badness 10000) detected at line 76
[][][]
 []

[9]

Package longtable Warning: Column widths have changed
(longtable)                in table 5 on input line 94.


Underfull \hbox (badness 10000) detected at line 95
[][][]
 []


Package longtable Warning: Column widths have changed
(longtable)                in table 6 on input line 113.


Underfull \hbox (badness 10000) detected at line 114
[][][]
 []


Package longtable Warning: Column widths have changed
(longtable)                in table 7 on input line 132.


Underfull \hbox (badness 10000) detected at line 133
[][][]
 []


Overfull \hbox (25.61841pt too wide) in paragraph at lines 143--144
 \T1/phv/b/n/10 5.4.4.1 storage[] \T1/pcr/m/n/8 std[]::unordered[]_[]map$\OML/c
mm/m/it/8 <$\T1/pcr/m/n/8 Moon[]::[]Alias[]::[]Component[]Type, std[]::unique[]
_[]ptr$\OML/cmm/m/it/8 <$[]$>$
 []

[10]) (./struct_moon_1_1_core_1_1_component_vect__t.tex

Package hyperref Warning: Token not allowed in a PDF string (Unicode):
(hyperref)                removing `math shift' on input line 1.


Package hyperref Warning: Token not allowed in a PDF string (Unicode):
(hyperref)                removing `math shift' on input line 1.


Package hyperref Warning: Token not allowed in a PDF string (Unicode):
(hyperref)                removing `math shift' on input line 1.


Package hyperref Warning: Token not allowed in a PDF string (Unicode):
(hyperref)                removing `math shift' on input line 1.

Package epstopdf Info: Source file: <struct_moon_1_1_core_1_1_component_vect__t
.eps>
(epstopdf)                    date: 2021-02-24 05:37:07
(epstopdf)                    size: 3876 bytes
(epstopdf)             Output file: <struct_moon_1_1_core_1_1_component_vect__t
-eps-converted-to.pdf>
(epstopdf)             Command: <repstopdf --outfile=struct_moon_1_1_core_1_1_c
omponent_vect__t-eps-converted-to.pdf struct_moon_1_1_core_1_1_component_vect__
t.eps>
(epstopdf)             \includegraphics on input line 15.
runsystem(repstopdf --outfile=struct_moon_1_1_core_1_1_component_vect__t-eps-co
nverted-to.pdf struct_moon_1_1_core_1_1_component_vect__t.eps)...executed safel
y (allowed).

Package epstopdf Info: Result file: <struct_moon_1_1_core_1_1_component_vect__t
-eps-converted-to.pdf>.

! Package pdftex.def Error: File `struct_moon_1_1_core_1_1_component_vect__t-ep
s-converted-to.pdf' not found: using draft setting.

See the pdftex.def package documentation for explanation.
Type  H <return>  for immediate help.
 ...                                              
                                                  
l.15 ...truct_moon_1_1_core_1_1_component_vect__t}
                                                  
? 

Package longtable Warning: Column widths have changed
(longtable)                in table 8 on input line 37.

) (./struct_moon_1_1_core_1_1_entity__t.tex

Package hyperref Warning: Token not allowed in a PDF string (Unicode):
(hyperref)                removing `math shift' on input line 1.


Package hyperref Warning: Token not allowed in a PDF string (Unicode):
(hyperref)                removing `math shift' on input line 1.


Package hyperref Warning: Token not allowed in a PDF string (Unicode):
(hyperref)                removing `math shift' on input line 1.


Package hyperref Warning: Token not allowed in a PDF string (Unicode):
(hyperref)                removing `math shift' on input line 1.

[11]
Package epstopdf Info: Source file: <struct_moon_1_1_core_1_1_entity__t.eps>
(epstopdf)                    date: 2021-02-24 05:37:07
(epstopdf)                    size: 3846 bytes
(epstopdf)             Output file: <struct_moon_1_1_core_1_1_entity__t-eps-con
verted-to.pdf>
(epstopdf)             Command: <repstopdf --outfile=struct_moon_1_1_core_1_1_e
ntity__t-eps-converted-to.pdf struct_moon_1_1_core_1_1_entity__t.eps>
(epstopdf)             \includegraphics on input line 15.
runsystem(repstopdf --outfile=struct_moon_1_1_core_1_1_entity__t-eps-converted-
to.pdf struct_moon_1_1_core_1_1_entity__t.eps)...executed safely (allowed).

Package epstopdf Info: Result file: <struct_moon_1_1_core_1_1_entity__t-eps-con
verted-to.pdf>.


! Package pdftex.def Error: File `struct_moon_1_1_core_1_1_entity__t-eps-conver
ted-to.pdf' not found: using draft setting.

See the pdftex.def package documentation for explanation.
Type  H <return>  for immediate help.
 ...                                              
                                                  
l.15 ...000cm]{struct_moon_1_1_core_1_1_entity__t}
                                                  
? 

Package longtable Warning: Column widths have changed
(longtable)                in table 9 on input line 50.

[12]

Package longtable Warning: Column widths have changed
(longtable)                in table 10 on input line 84.


Underfull \hbox (badness 10000) in paragraph at lines 103--105
\T1/pcr/m/n/8 static [] []$\OML/cmm/m/it/8 <$ \T1/pcr/m/n/8 Type $\OML/cmm/m/it
/8 >$[]\T1/pcr/m/n/8 ::get[]Entity[]Type ( ) [static],
 []


Underfull \hbox (badness 10000) detected at line 110
[][][]
 []

) (./struct_moon_1_1_core_1_1_entity_base__t.tex [13]
Package epstopdf Info: Source file: <struct_moon_1_1_core_1_1_entity_base__t.ep
s>
(epstopdf)                    date: 2021-02-24 05:37:07
(epstopdf)                    size: 3846 bytes
(epstopdf)             Output file: <struct_moon_1_1_core_1_1_entity_base__t-ep
s-converted-to.pdf>
(epstopdf)             Command: <repstopdf --outfile=struct_moon_1_1_core_1_1_e
ntity_base__t-eps-converted-to.pdf struct_moon_1_1_core_1_1_entity_base__t.eps>

(epstopdf)             \includegraphics on input line 15.
runsystem(repstopdf --outfile=struct_moon_1_1_core_1_1_entity_base__t-eps-conve
rted-to.pdf struct_moon_1_1_core_1_1_entity_base__t.eps)...executed safely (all
owed).

Package epstopdf Info: Result file: <struct_moon_1_1_core_1_1_entity_base__t-ep
s-converted-to.pdf>.


! Package pdftex.def Error: File `struct_moon_1_1_core_1_1_entity_base__t-eps-c
onverted-to.pdf' not found: using draft setting.

See the pdftex.def package documentation for explanation.
Type  H <return>  for immediate help.
 ...                                              
                                                  
l.15 ...]{struct_moon_1_1_core_1_1_entity_base__t}
                                                  
? 
[14]
Underfull \hbox (badness 10000) in paragraph at lines 82--84
\T1/pcr/m/n/8 requires std[]::is[]_[]base[]_[]of$\OML/cmm/m/it/8 <$[]\T1/pcr/m/
n/8 , C[]M[]P[]_[]t$\OML/cmm/m/it/8 >$[]\T1/pcr/m/n/8 ::value void Moon[]::[]Co
re[]::[]Entity[]
 []


Package longtable Warning: Column widths have changed
(longtable)                in table 11 on input line 93.


Package longtable Warning: Column widths have changed
(longtable)                in table 12 on input line 98.


Underfull \hbox (badness 10000) in paragraph at lines 103--105
\T1/pcr/m/n/8 requires std[]::is[]_[]base[]_[]of$\OML/cmm/m/it/8 <$[]\T1/pcr/m/
n/8 , C[]M[]P[]_[]t$\OML/cmm/m/it/8 >$[]\T1/pcr/m/n/8 ::value C[]M[]P[]_[]t$\OM
S/cmsy/m/n/8 ^^C$ \T1/pcr/m/n/8 Moon[]::[]Core[]::[]
 []

[15]

Package longtable Warning: Column widths have changed
(longtable)                in table 13 on input line 114.


Underfull \hbox (badness 10000) detected at line 115
[][][]
 []


Underfull \hbox (badness 10000) in paragraph at lines 135--136
 \T1/phv/b/n/10 5.7.4.2 nextType[] [] \T1/pcr/m/n/8 Moon[]::[]Core[]::[]Entity[
]Base[]_[]t[]::next[]Type = 0 [inline],
 []

) (./struct_moon_1_1_core_1_1_game_context__t.tex

Package hyperref Warning: Token not allowed in a PDF string (Unicode):
(hyperref)                removing `math shift' on input line 1.


Package hyperref Warning: Token not allowed in a PDF string (Unicode):
(hyperref)                removing `math shift' on input line 1.


Package hyperref Warning: Token not allowed in a PDF string (Unicode):
(hyperref)                removing `math shift' on input line 1.


Package hyperref Warning: Token not allowed in a PDF string (Unicode):
(hyperref)                removing `math shift' on input line 1.

Package epstopdf Info: Source file: <struct_moon_1_1_core_1_1_game_context__t.e
ps>
(epstopdf)                    date: 2021-02-24 05:37:07
(epstopdf)                    size: 3866 bytes
(epstopdf)             Output file: <struct_moon_1_1_core_1_1_game_context__t-e
ps-converted-to.pdf>
(epstopdf)             Command: <repstopdf --outfile=struct_moon_1_1_core_1_1_g
ame_context__t-eps-converted-to.pdf struct_moon_1_1_core_1_1_game_context__t.ep
s>
(epstopdf)             \includegraphics on input line 15.
runsystem(repstopdf --outfile=struct_moon_1_1_core_1_1_game_context__t-eps-conv
erted-to.pdf struct_moon_1_1_core_1_1_game_context__t.eps)...executed safely (a
llowed).

Package epstopdf Info: Result file: <struct_moon_1_1_core_1_1_game_context__t-e
ps-converted-to.pdf>.

! Package pdftex.def Error: File `struct_moon_1_1_core_1_1_game_context__t-eps-
converted-to.pdf' not found: using draft setting.

See the pdftex.def package documentation for explanation.
Type  H <return>  for immediate help.
 ...                                              
                                                  
l.15 ...{struct_moon_1_1_core_1_1_game_context__t}
                                                  
? 
[16]

Package longtable Warning: Column widths have changed
(longtable)                in table 14 on input line 58.

[17]
Overfull \hbox (1.47571pt too wide) in paragraph at lines 1--1
 []\T1/phv/m/sl/10 Cmp[]
 []


Package longtable Warning: Column widths have changed
(longtable)                in table 15 on input line 107.


Package longtable Warning: Column widths have changed
(longtable)                in table 16 on input line 112.


Underfull \hbox (badness 10000) detected at line 113
[][][]
 []


Underfull \hbox (badness 10000) detected at line 131
[][][]
 []

[18]

Package longtable Warning: Column widths have changed
(longtable)                in table 17 on input line 150.


Underfull \hbox (badness 10000) detected at line 151
[][][]
 []


Package longtable Warning: Column widths have changed
(longtable)                in table 18 on input line 173.


Underfull \hbox (badness 10000) detected at line 174
[][][]
 []


Underfull \hbox (badness 10000) in paragraph at lines 181--183
\T1/pcr/m/n/8 static Moon[]::[]Alias[]::[]Game[]Context[]Type []$\OML/cmm/m/it/
8 <$ \T1/pcr/m/n/8 Type $\OML/cmm/m/it/8 >$[]\T1/pcr/m/n/8 ::get[]Game[]Context
[]Type ( )
 []


Underfull \hbox (badness 10000) detected at line 188
[][][]
 []

[19]) (./struct_moon_1_1_core_1_1_game_context_base__t.tex
Package epstopdf Info: Source file: <struct_moon_1_1_core_1_1_game_context_base
__t.eps>
(epstopdf)                    date: 2021-02-24 05:37:07
(epstopdf)                    size: 3866 bytes
(epstopdf)             Output file: <struct_moon_1_1_core_1_1_game_context_base
__t-eps-converted-to.pdf>
(epstopdf)             Command: <repstopdf --outfile=struct_moon_1_1_core_1_1_g
ame_context_base__t-eps-converted-to.pdf struct_moon_1_1_core_1_1_game_context_
base__t.eps>
(epstopdf)             \includegraphics on input line 15.
runsystem(repstopdf --outfile=struct_moon_1_1_core_1_1_game_context_base__t-eps
-converted-to.pdf struct_moon_1_1_core_1_1_game_context_base__t.eps)...executed
 safely (allowed).

Package epstopdf Info: Result file: <struct_moon_1_1_core_1_1_game_context_base
__t-eps-converted-to.pdf>.


! Package pdftex.def Error: File `struct_moon_1_1_core_1_1_game_context_base__t
-eps-converted-to.pdf' not found: using draft setting.

See the pdftex.def package documentation for explanation.
Type  H <return>  for immediate help.
 ...                                              
                                                  
l.15 ...ct_moon_1_1_core_1_1_game_context_base__t}
                                                  
? 

Underfull \hbox (badness 10000) in paragraph at lines 58--59
 \T1/phv/b/n/10 5.9.2.2 $\OMS/cmsy/m/n/10 ^^X$\T1/phv/b/n/10 GameContextBase_t(
)[] \T1/pcr/m/n/8 virtual Moon[]::[]Core[]::[]Game[]Context[]Base[]_[]t[]::$\OM
S/cmsy/m/n/8 ^^X$[]\T1/pcr/m/n/8 Game[]Context[]Base[]_[]t ( )
 []

[20]
Underfull \hbox (badness 10000) in paragraph at lines 71--72
 \T1/phv/b/n/10 5.9.3.1 nextId[] [] \T1/pcr/m/n/8 Moon[]::[]Core[]::[]Game[]Con
text[]Base[]_[]t[]::next[]Id { 0 } [inline],
 []


Underfull \hbox (badness 10000) in paragraph at lines 81--82
 \T1/phv/b/n/10 5.9.3.2 nextType[] \T1/pcr/m/n/8 Moon[]::[]Alias[]::[]Game[]Con
text[]Type Moon[]::[]Core[]::[]Game[]Context[]Base[]_[]t[]::next[]Type { 0 }
 []

) (./struct_moon_1_1_core_1_1_system__t.tex

Package hyperref Warning: Token not allowed in a PDF string (Unicode):
(hyperref)                removing `math shift' on input line 1.


Package hyperref Warning: Token not allowed in a PDF string (Unicode):
(hyperref)                removing `math shift' on input line 1.


Package hyperref Warning: Token not allowed in a PDF string (Unicode):
(hyperref)                removing `math shift' on input line 1.


Package hyperref Warning: Token not allowed in a PDF string (Unicode):
(hyperref)                removing `math shift' on input line 1.

Package epstopdf Info: Source file: <struct_moon_1_1_core_1_1_system__t.eps>
(epstopdf)                    date: 2021-02-24 05:37:07
(epstopdf)                    size: 3846 bytes
(epstopdf)             Output file: <struct_moon_1_1_core_1_1_system__t-eps-con
verted-to.pdf>
(epstopdf)             Command: <repstopdf --outfile=struct_moon_1_1_core_1_1_s
ystem__t-eps-converted-to.pdf struct_moon_1_1_core_1_1_system__t.eps>
(epstopdf)             \includegraphics on input line 15.
runsystem(repstopdf --outfile=struct_moon_1_1_core_1_1_system__t-eps-converted-
to.pdf struct_moon_1_1_core_1_1_system__t.eps)...executed safely (allowed).

Package epstopdf Info: Result file: <struct_moon_1_1_core_1_1_system__t-eps-con
verted-to.pdf>.

! Package pdftex.def Error: File `struct_moon_1_1_core_1_1_system__t-eps-conver
ted-to.pdf' not found: using draft setting.

See the pdftex.def package documentation for explanation.
Type  H <return>  for immediate help.
 ...                                              
                                                  
l.15 ...000cm]{struct_moon_1_1_core_1_1_system__t}
                                                  
? 
[21]

Package longtable Warning: Column widths have changed
(longtable)                in table 19 on input line 47.

[22]
Underfull \hbox (badness 10000) detected at line 91
[][][]
 []


Underfull \hbox (badness 10000) in paragraph at lines 104--106
\T1/pcr/m/n/8 static Moon[]::[]Alias[]::[]System[]Type []$\OML/cmm/m/it/8 <$ \T
1/pcr/m/n/8 Type $\OML/cmm/m/it/8 >$[]\T1/pcr/m/n/8 ::get[]System[]Type ( ) [st
atic],
 []


Underfull \hbox (badness 10000) detected at line 111
[][][]
 []

LaTeX Font Info:    Font shape `T1/pcr/m/it' in size <7> not available
(Font)              Font shape `T1/pcr/m/sl' tried instead on input line 119.

Package longtable Warning: Column widths have changed
(longtable)                in table 20 on input line 129.

) (./struct_moon_1_1_core_1_1_system_base__t.tex
Package epstopdf Info: Source file: <struct_moon_1_1_core_1_1_system_base__t.ep
s>
(epstopdf)                    date: 2021-02-24 05:37:07
(epstopdf)                    size: 3846 bytes
(epstopdf)             Output file: <struct_moon_1_1_core_1_1_system_base__t-ep
s-converted-to.pdf>
(epstopdf)             Command: <repstopdf --outfile=struct_moon_1_1_core_1_1_s
ystem_base__t-eps-converted-to.pdf struct_moon_1_1_core_1_1_system_base__t.eps>

(epstopdf)             \includegraphics on input line 15.
runsystem(repstopdf --outfile=struct_moon_1_1_core_1_1_system_base__t-eps-conve
rted-to.pdf struct_moon_1_1_core_1_1_system_base__t.eps)...executed safely (all
owed).

Package epstopdf Info: Result file: <struct_moon_1_1_core_1_1_system_base__t-ep
s-converted-to.pdf>.


! Package pdftex.def Error: File `struct_moon_1_1_core_1_1_system_base__t-eps-c
onverted-to.pdf' not found: using draft setting.

See the pdftex.def package documentation for explanation.
Type  H <return>  for immediate help.
 ...                                              
                                                  
l.15 ...]{struct_moon_1_1_core_1_1_system_base__t}
                                                  
? 
[23]
Underfull \hbox (badness 10000) detected at line 77
[][][]
 []

[24]
Underfull \hbox (badness 10000) in paragraph at lines 93--94
 \T1/phv/b/n/10 5.11.4.1 nextType[] \T1/pcr/m/n/8 Moon[]::[]Alias[]::[]System[]
Type Moon[]::[]Core[]::[]System[]Base[]_[]t[]::next[]Type = 0 [inline],
 []

) [25] [26

]
No file refman.ind.

Package longtable Warning: Table widths have changed. Rerun LaTeX.

Package atveryend Info: Empty hook `BeforeClearDocument' on input line 201.
Package atveryend Info: Empty hook `AfterLastShipout' on input line 201.
(./refman.aux)
Package atveryend Info: Executing hook `AtVeryEndDocument' on input line 201.
Package atveryend Info: Executing hook `AtEndAfterFileList' on input line 201.


Package rerunfilecheck Warning: File `refman.out' has changed.
(rerunfilecheck)                Rerun to get outlines right
(rerunfilecheck)                or use package `bookmark'.

Package rerunfilecheck Info: Checksums for `refman.out':
(rerunfilecheck)             Before: <no file>
(rerunfilecheck)             After:  B33961DA8374639175F6D93AF23B9709;17406.

LaTeX Warning: There were undefined references.


LaTeX Warning: Label(s) may have changed. Rerun to get cross-references right.

 ) 
Here is how much of TeX's memory you used:
 17599 strings out of 483183
 267045 string characters out of 5966292
 533226 words of memory out of 5000000
 31923 multiletter control sequences out of 15000+600000
 584881 words of font info for 98 fonts, out of 8000000 for 9000
 14 hyphenation exceptions out of 8191
 55i,16n,96p,938b,634s stack positions out of 5000i,500n,10000p,200000b,80000s
pdfTeX warning (dest): name{sys__base_8hpp_source_l00028} has been referenced
 but does not exist, replaced by a fixed one

pdfTeX warning (dest): name{sys__base_8hpp_source} has been referenced but does
 not exist, replaced by a fixed one

pdfTeX warning (dest): name{sys__base_8hpp_source_l00025} has been referenced b
ut does not exist, replaced by a fixed one

pdfTeX warning (dest): name{sys_8hpp_source} has been referenced but does not e
xist, replaced by a fixed one

pdfTeX warning (dest): name{sys_8hpp_source_l00032} has been referenced but doe
s not exist, replaced by a fixed one

pdfTeX warning (dest): name{gtx__base_8hpp_source_l00030} has been referenced b
ut does not exist, replaced by a fixed one

pdfTeX warning (dest): name{gtx__base_8hpp_source_l00033} has been referenced b
ut does not exist, replaced by a fixed one

pdfTeX warning (dest): name{gtx__base_8hpp_source} has been referenced but does
 not exist, replaced by a fixed one

pdfTeX warning (dest): name{gtx__base_8hpp_source_l00027} has been referenced b
ut does not exist, replaced by a fixed one

pdfTeX warning (dest): name{gtx_8hpp_source_l00049} has been referenced but doe
s not exist, replaced by a fixed one

pdfTeX warning (dest): name{gtx_8hpp_source_l00052} has been referenced but doe
s not exist, replaced by a fixed one

pdfTeX warning (dest): name{gtx_8hpp_source_l00112} has been referenced but doe
s not exist, replaced by a fixed one

pdfTeX warning (dest): name{gtx_8hpp_source_l00096} has been referenced but doe
s not exist, replaced by a fixed one

pdfTeX warning (dest): name{gtx_8hpp_source} has been referenced but does not e
xist, replaced by a fixed one

pdfTeX warning (dest): name{gtx_8hpp_source_l00046} has been referenced but doe
s not exist, replaced by a fixed one

pdfTeX warning (dest): name{ent__base_8hpp_source_l00038} has been referenced b
ut does not exist, replaced by a fixed one

pdfTeX warning (dest): name{ent__base_8hpp_source_l00041} has been referenced b
ut does not exist, replaced by a fixed one

pdfTeX warning (dest): name{ent__base_8hpp_source_l00054} has been referenced b
ut does not exist, replaced by a fixed one

pdfTeX warning (dest): name{ent__base_8hpp_source} has been referenced but does
 not exist, replaced by a fixed one

pdfTeX warning (dest): name{ent__base_8hpp_source_l00034} has been referenced b
ut does not exist, replaced by a fixed one

pdfTeX warning (dest): name{ent_8hpp_source_l00031} has been referenced but doe
s not exist, replaced by a fixed one

pdfTeX warning (dest): name{ent_8hpp_source} has been referenced but does not e
xist, replaced by a fixed one

pdfTeX warning (dest): name{ent_8hpp_source_l00028} has been referenced but doe
s not exist, replaced by a fixed one

pdfTeX warning (dest): name{cmp__vect_8hpp_source_l00042} has been referenced b
ut does not exist, replaced by a fixed one

pdfTeX warning (dest): name{cmp__storage_8hpp_source_l00078} has been reference
d but does not exist, replaced by a fixed one

pdfTeX warning (dest): name{cmp__storage_8hpp_source} has been referenced but d
oes not exist, replaced by a fixed one

pdfTeX warning (dest): name{cmp__storage_8hpp_source_l00039} has been reference
d but does not exist, replaced by a fixed one

pdfTeX warning (dest): name{cmp__vect_8hpp_source} has been referenced but does
 not exist, replaced by a fixed one

pdfTeX warning (dest): name{cmp__vect_8hpp_source_l00027} has been referenced b
ut does not exist, replaced by a fixed one

pdfTeX warning (dest): name{cmp__base_8hpp_source_l00028} has been referenced b
ut does not exist, replaced by a fixed one

pdfTeX warning (dest): name{cmp__base_8hpp_source} has been referenced but does
 not exist, replaced by a fixed one

pdfTeX warning (dest): name{cmp__base_8hpp_source_l00025} has been referenced b
ut does not exist, replaced by a fixed one

pdfTeX warning (dest): name{cmp_8hpp_source_l00034} has been referenced but doe
s not exist, replaced by a fixed one

pdfTeX warning (dest): name{cmp_8hpp_source} has been referenced but does not e
xist, replaced by a fixed one

pdfTeX warning (dest): name{cmp_8hpp_source_l00031} has been referenced but doe
s not exist, replaced by a fixed one

pdfTeX warning (dest): name{alias_8hpp_source_l00038} has been referenced but d
oes not exist, replaced by a fixed one

pdfTeX warning (dest): name{alias_8hpp_source_l00023} has been referenced but d
oes not exist, replaced by a fixed one

pdfTeX warning (dest): name{alias_8hpp_source} has been referenced but does not
 exist, replaced by a fixed one

pdfTeX warning (dest): name{alias_8hpp_source_l00016} has been referenced but d
oes not exist, replaced by a fixed one

{/usr/share/texlive/texmf-dist/fonts/enc/dvips/base/8r.enc}</usr/share/texlive/
texmf-dist/fonts/type1/public/amsfonts/cm/cmmi10.pfb></usr/share/texlive/texmf-
dist/fonts/type1/public/amsfonts/cm/cmmi12.pfb></usr/share/texlive/texmf-dist/f
onts/type1/public/amsfonts/cm/cmmi7.pfb></usr/share/texlive/texmf-dist/fonts/ty
pe1/public/amsfonts/cm/cmmi8.pfb></usr/share/texlive/texmf-dist/fonts/type1/pub
lic/amsfonts/cm/cmsy10.pfb></usr/share/texlive/texmf-dist/fonts/type1/public/am
sfonts/cm/cmsy7.pfb></usr/share/texlive/texmf-dist/fonts/type1/public/amsfonts/
cm/cmsy8.pfb></usr/share/texlive/texmf-dist/fonts/type1/urw/courier/ucrb8a.pfb>
</usr/share/texlive/texmf-dist/fonts/type1/urw/courier/ucrr8a.pfb></usr/share/t
exlive/texmf-dist/fonts/type1/urw/courier/ucrro8a.pfb></usr/share/texlive/texmf
-dist/fonts/type1/urw/helvetic/uhvb8a.pfb></usr/share/texlive/texmf-dist/fonts/
type1/urw/helvetic/uhvb8ac.pfb></usr/share/texlive/texmf-dist/fonts/type1/urw/h
elvetic/uhvr8a.pfb></usr/share/texlive/texmf-dist/fonts/type1/urw/helvetic/uhvr
o8a.pfb>
Output written on refman.pdf (27 pages, 173763 bytes).
PDF statistics:
 786 PDF objects out of 1000 (max. 8388607)
 735 compressed objects within 8 object streams
 321 named destinations out of 1000 (max. 500000)
 1 words of extra memory for PDF output out of 10000 (max. 10000000)

